<?xml version="1.0" encoding="UTF-8"?>
<testng-results ignored="0" total="2" passed="2" failed="0" skipped="0">
  <reporter-output>
  </reporter-output>
  <suite started-at="2024-09-12T03:18:25 IST" name="Suite" finished-at="2024-09-12T03:18:32 IST" duration-ms="7681">
    <groups>
    </groups>
    <test started-at="2024-09-12T03:18:25 IST" name="Test" finished-at="2024-09-12T03:18:32 IST" duration-ms="7681">
      <class name="tests.BlazeDemoTest">
        <test-method is-config="true" signature="setUp1(java.lang.String)[pri:0, instance:tests.BlazeDemoTest@2416a51]" started-at="2024-09-12T03:18:25 IST" name="setUp1" finished-at="2024-09-12T03:18:29 IST" duration-ms="3500" status="PASS">
          <params>
            <param index="0">
              <value>
                <![CDATA[chrome]]>
              </value>
            </param>
          </params>
          <reporter-output>
          </reporter-output>
        </test-method> <!-- setUp1 -->
        <test-method signature="findflight(java.lang.String,java.lang.String)[pri:0, instance:tests.BlazeDemoTest@2416a51]" started-at="2024-09-12T03:18:30 IST" name="findflight" data-provider="Demo" finished-at="2024-09-12T03:18:31 IST" duration-ms="1104" status="PASS">
          <params>
            <param index="0">
              <value>
                <![CDATA[Boston]]>
              </value>
            </param>
            <param index="1">
              <value>
                <![CDATA[New York]]>
              </value>
            </param>
          </params>
          <reporter-output>
          </reporter-output>
        </test-method> <!-- findflight -->
        <test-method signature="findflight(java.lang.String,java.lang.String)[pri:0, instance:tests.BlazeDemoTest@2416a51]" started-at="2024-09-12T03:18:31 IST" name="findflight" data-provider="Demo" finished-at="2024-09-12T03:18:32 IST" duration-ms="883" status="PASS">
          <params>
            <param index="0">
              <value>
                <![CDATA[Mexico City]]>
              </value>
            </param>
            <param index="1">
              <value>
                <![CDATA[London]]>
              </value>
            </param>
          </params>
          <reporter-output>
          </reporter-output>
        </test-method> <!-- findflight -->
        <test-method is-config="true" signature="tearDown()[pri:0, instance:tests.BlazeDemoTest@2416a51]" started-at="2024-09-12T03:18:32 IST" name="tearDown" finished-at="2024-09-12T03:18:32 IST" duration-ms="279" status="PASS">
          <reporter-output>
          </reporter-output>
        </test-method> <!-- tearDown -->
      </class> <!-- tests.BlazeDemoTest -->
    </test> <!-- Test -->
  </suite> <!-- Suite -->
</testng-results>
